New log file opened at Wed Jan 27 14:57:57 IST 2016 by 61750@sumanth-bbns-MacBook-Pro.local
jvm 61750@sumanth-bbns-MacBook-Pro.local
jvm vmName=Java HotSpot(TM) 64-Bit Server VM vmVendor=Oracle Corporation vmVersion=25.60-b23
jvm specName=Java Virtual Machine Specification specVendor=Oracle Corporation specVersion=1.8
jvm arguments: [-Xms256m, -Xmx1024m, -XX:MetaspaceSize=64m, -XX:MaxMetaspaceSize=256m]
Starting event engine
Starting sbt command engine
Waiting for sbt command engine
Command engine arguments=List()
Command engine baseDirectory=/Users/sumanth_bbn/workspace/workspacePlayLearning/url-shortner
Command engine initial remaining commands List(--initialize, onFailure load-failed, boot, server-send-ready-for-request, server-handle-next-server-request)
> --initialize
> initialize
> onFailure load-failed
> boot
> reload
[Loading] Scanning directory /Users/sumanth_bbn/.sbt/0.13/plugins
[Loading] Found non-root projects 
[Loading] Done in /Users/sumanth_bbn/.sbt/0.13/plugins, returning: ()
deducing auto plugins based on known facts Set(Atom(sbt.plugins.CorePlugin)) and clauses Clauses(List(Clause(Atom(sbt.plugins.JvmPlugin),Set(Atom(sbt.plugins.IvyPlugin))), Clause(Atom(sbt.plugins.JUnitXmlReportPlugin),Set(Atom(sbt.plugins.JvmPlugin))), Clause(Atom(sbt.plugins.CorePlugin),Set(Atom(sbt.plugins.IvyPlugin))), Clause(Atom(sbt.plugins.IvyPlugin),Set(Atom(sbt.plugins.JvmPlugin))), Clause(Atom(sbt.plugins.JvmPlugin),Set(Atom(sbt.plugins.JUnitXmlReportPlugin)))))
  :: deduced result: Matched(sbt.plugins.CorePlugin,sbt.plugins.IvyPlugin,sbt.plugins.JvmPlugin,sbt.plugins.JUnitXmlReportPlugin)
sorting: ns: List(sbt.plugins.CorePlugin, sbt.plugins.IvyPlugin, sbt.plugins.JvmPlugin, sbt.plugins.JUnitXmlReportPlugin)
  :: sorting:: found: List(sbt.plugins.CorePlugin) not found List(sbt.plugins.IvyPlugin, sbt.plugins.JvmPlugin, sbt.plugins.JUnitXmlReportPlugin)
  :: sorting:: found: List(sbt.plugins.CorePlugin, sbt.plugins.IvyPlugin) not found List(sbt.plugins.JvmPlugin, sbt.plugins.JUnitXmlReportPlugin)
  :: sorting:: found: List(sbt.plugins.CorePlugin, sbt.plugins.IvyPlugin, sbt.plugins.JvmPlugin) not found List(sbt.plugins.JUnitXmlReportPlugin)
  :: sorting:: found: List(sbt.plugins.CorePlugin, sbt.plugins.IvyPlugin, sbt.plugins.JvmPlugin, sbt.plugins.JUnitXmlReportPlugin) not found List()
  :: sorted deduced result: List(sbt.plugins.CorePlugin, sbt.plugins.IvyPlugin, sbt.plugins.JvmPlugin, sbt.plugins.JUnitXmlReportPlugin)
[Loading] Done in /Users/sumanth_bbn/.sbt/0.13/plugins, returning: (global-plugins)
Loading global plugins from /Users/sumanth_bbn/.sbt/0.13/plugins
Running task... Cancel: sbt.TaskCancellationStrategy$Null$@49737dc6, check cycles: false

Initial source changes: 
	removed:Set()
	added: Set()
	modified: Set()
Removed products: Set()
External API changes: API Changes: Set()
Modified binary dependencies: Set()
Initial directly invalidated sources: Set()

Sources indirectly invalidated by:
	product: Set()
	binary dep: Set()
	external source: Set()
All initially invalidated sources: Set()

Copy resource mappings: 
	
Other repositories:
Default repositories:
Using inline dependencies specified in Scala.
[Loading] Scanning directory /Users/sumanth_bbn/workspace/workspacePlayLearning/url-shortner/project
[Loading] Found non-root projects 
[Loading] Done in /Users/sumanth_bbn/workspace/workspacePlayLearning/url-shortner/project, returning: ()
deducing auto plugins based on known facts Set(Atom(sbt.plugins.CorePlugin)) and clauses Clauses(List(Clause(Atom(sbt.plugins.JvmPlugin),Set(Atom(sbt.plugins.IvyPlugin))), Clause(Atom(sbt.plugins.JUnitXmlReportPlugin),Set(Atom(sbt.plugins.JvmPlugin))), Clause(Atom(sbt.plugins.CorePlugin),Set(Atom(sbt.plugins.IvyPlugin))), Clause(Atom(sbt.plugins.IvyPlugin),Set(Atom(sbt.plugins.JvmPlugin))), Clause(Atom(sbt.plugins.JvmPlugin),Set(Atom(sbt.plugins.JUnitXmlReportPlugin)))))
  :: deduced result: Matched(sbt.plugins.CorePlugin,sbt.plugins.IvyPlugin,sbt.plugins.JvmPlugin,sbt.plugins.JUnitXmlReportPlugin)
sorting: ns: List(sbt.plugins.CorePlugin, sbt.plugins.IvyPlugin, sbt.plugins.JvmPlugin, sbt.plugins.JUnitXmlReportPlugin)
  :: sorting:: found: List(sbt.plugins.CorePlugin) not found List(sbt.plugins.IvyPlugin, sbt.plugins.JvmPlugin, sbt.plugins.JUnitXmlReportPlugin)
  :: sorting:: found: List(sbt.plugins.CorePlugin, sbt.plugins.IvyPlugin) not found List(sbt.plugins.JvmPlugin, sbt.plugins.JUnitXmlReportPlugin)
  :: sorting:: found: List(sbt.plugins.CorePlugin, sbt.plugins.IvyPlugin, sbt.plugins.JvmPlugin) not found List(sbt.plugins.JUnitXmlReportPlugin)
  :: sorting:: found: List(sbt.plugins.CorePlugin, sbt.plugins.IvyPlugin, sbt.plugins.JvmPlugin, sbt.plugins.JUnitXmlReportPlugin) not found List()
  :: sorted deduced result: List(sbt.plugins.CorePlugin, sbt.plugins.IvyPlugin, sbt.plugins.JvmPlugin, sbt.plugins.JUnitXmlReportPlugin)
[Loading] Done in /Users/sumanth_bbn/workspace/workspacePlayLearning/url-shortner/project, returning: (url-shortner-build)
Loading project definition from /Users/sumanth_bbn/workspace/workspacePlayLearning/url-shortner/project
Running task... Cancel: sbt.TaskCancellationStrategy$Null$@49737dc6, check cycles: false

Initial source changes: 
	removed:Set()
	added: Set()
	modified: Set()
Removed products: Set()
External API changes: API Changes: Set()
Modified binary dependencies: Set()
Initial directly invalidated sources: Set()

Sources indirectly invalidated by:
	product: Set()
	binary dep: Set()
	external source: Set()
All initially invalidated sources: Set()

Copy resource mappings: 
	
[Loading] Scanning directory /Users/sumanth_bbn/workspace/workspacePlayLearning/url-shortner
[Loading] Found root project root w/ remaining 
deducing auto plugins based on known facts Set(Atom(play.sbt.PlayScala), Atom(sbt.plugins.CorePlugin)) and clauses Clauses(List(Clause(Atom(sbt.plugins.JvmPlugin),Set(Atom(sbt.plugins.IvyPlugin))), Clause(Atom(sbt.plugins.JUnitXmlReportPlugin),Set(Atom(sbt.plugins.JvmPlugin))), Clause(Atom(play.sbt.forkrun.PlayForkRun),Set(Atom(sbt.plugins.BackgroundRunPlugin))), Clause(Atom(play.sbt.forkrun.PlayForkRun),Set(Atom(play.sbt.Play))), Clause(Atom(play.sbt.forkrun.PlayForkRun),Set(Atom(sbt.plugins.SerializersPlugin))), Clause(Atom(play.sbt.Play),Set(Atom(com.typesafe.sbt.packager.archetypes.JavaServerAppPackaging))), Clause(Atom(play.sbt.Play),Set(Atom(play.sbt.routes.RoutesCompiler))), Clause(Atom(play.sbt.Play),Set(Atom(play.twirl.sbt.SbtTwirl))), Clause(Atom(play.sbt.Play),Set(Atom(com.typesafe.sbt.jse.SbtJsTask))), Clause(Atom(play.sbt.PlayAkkaHttpServer),Set(Atom(play.sbt.Play))), Clause(Atom(play.sbt.PlayJava),Set(Atom(play.sbt.Play))), Clause(Atom(play.sbt.PlayLayoutPlugin),Set(Atom(play.sbt.Play))), Clause(Atom(play.sbt.PlayNettyServer),Set(Atom(play.sbt.Play))), Clause(Atom(play.sbt.PlayScala),Set(Atom(play.sbt.Play))), Clause(Atom(play.sbt.routes.RoutesCompiler),Set(Atom(sbt.plugins.JvmPlugin))), Clause(Atom(play.twirl.sbt.SbtTwirl),Set(Atom(sbt.plugins.JvmPlugin))), Clause(Atom(com.typesafe.sbt.packager.archetypes.AkkaAppPackaging),Set(Atom(com.typesafe.sbt.packager.archetypes.JavaAppPackaging))), Clause(Atom(com.typesafe.sbt.packager.archetypes.JavaAppPackaging),Set(Atom(com.typesafe.sbt.packager.windows.WindowsPlugin))), Clause(Atom(com.typesafe.sbt.packager.archetypes.JavaAppPackaging),Set(Atom(com.typesafe.sbt.packager.docker.DockerPlugin))), Clause(Atom(com.typesafe.sbt.packager.archetypes.JavaAppPackaging),Set(Atom(com.typesafe.sbt.packager.debian.DebianPlugin))), Clause(Atom(com.typesafe.sbt.packager.archetypes.JavaAppPackaging),Set(Atom(com.typesafe.sbt.packager.rpm.RpmPlugin))), Clause(Atom(com.typesafe.sbt.packager.archetypes.JavaServerAppPackaging),Set(Atom(com.typesafe.sbt.packager.archetypes.JavaAppPackaging))), Clause(Atom(com.typesafe.sbt.packager.archetypes.jar.ClasspathJarPlugin),Set(Atom(com.typesafe.sbt.packager.archetypes.JavaAppPackaging))), Clause(Atom(com.typesafe.sbt.packager.archetypes.jar.LauncherJarPlugin),Set(Atom(com.typesafe.sbt.packager.archetypes.JavaAppPackaging))), Clause(Atom(com.typesafe.sbt.packager.debian.DebianDeployPlugin),Set(Atom(com.typesafe.sbt.packager.debian.DebianPlugin))), Clause(Atom(com.typesafe.sbt.packager.debian.DebianPlugin),Set(Atom(com.typesafe.sbt.packager.linux.LinuxPlugin))), Clause(Atom(com.typesafe.sbt.packager.debian.JDebPackaging),Set(Atom(com.typesafe.sbt.packager.debian.DebianPlugin))), Clause(Atom(com.typesafe.sbt.packager.docker.DockerPlugin),Set(Atom(com.typesafe.sbt.packager.universal.UniversalPlugin))), Clause(Atom(com.typesafe.sbt.packager.jdkpackager.JDKPackagerDeployPlugin),Set(Atom(com.typesafe.sbt.packager.jdkpackager.JDKPackagerPlugin))), Clause(Atom(com.typesafe.sbt.packager.jdkpackager.JDKPackagerPlugin),Set(Atom(com.typesafe.sbt.packager.archetypes.JavaAppPackaging))), Clause(Atom(com.typesafe.sbt.packager.jdkpackager.JDKPackagerPlugin),Set(Atom(com.typesafe.sbt.packager.archetypes.jar.ClasspathJarPlugin))), Clause(Atom(com.typesafe.sbt.packager.linux.LinuxPlugin),Set(Atom(com.typesafe.sbt.packager.universal.UniversalPlugin))), Clause(Atom(com.typesafe.sbt.packager.rpm.RpmDeployPlugin),Set(Atom(com.typesafe.sbt.packager.rpm.RpmPlugin))), Clause(Atom(com.typesafe.sbt.packager.rpm.RpmPlugin),Set(Atom(com.typesafe.sbt.packager.linux.LinuxPlugin))), Clause(Atom(com.typesafe.sbt.packager.universal.UniversalDeployPlugin),Set(Atom(com.typesafe.sbt.packager.universal.UniversalPlugin))), Clause(Atom(com.typesafe.sbt.packager.universal.UniversalPlugin),Set(Atom(com.typesafe.sbt.SbtNativePackager))), Clause(Atom(com.typesafe.sbt.packager.windows.WindowsDeployPlugin),Set(Atom(com.typesafe.sbt.packager.windows.WindowsPlugin))), Clause(Atom(com.typesafe.sbt.packager.windows.WindowsPlugin),Set(Atom(com.typesafe.sbt.packager.universal.UniversalPlugin))), Clause(Atom(com.typesafe.sbt.web.SbtWeb),Set(Atom(sbt.plugins.JvmPlugin))), Clause(Atom(com.typesafe.sbt.jse.SbtJsEngine),Set(Atom(com.typesafe.sbt.web.SbtWeb))), Clause(Atom(com.typesafe.sbt.jse.SbtJsTask),Set(Atom(com.typesafe.sbt.jse.SbtJsEngine))), Clause(Atom(sbt.plugins.BackgroundRunPlugin),Set(Atom(sbt.plugins.JvmPlugin))), Clause(Atom(com.typesafe.sbt.coffeescript.SbtCoffeeScript),Set(Atom(com.typesafe.sbt.jse.SbtJsTask))), Clause(Atom(com.typesafe.sbt.less.SbtLess),Set(Atom(com.typesafe.sbt.jse.SbtJsTask))), Clause(Atom(com.typesafe.sbt.jshint.SbtJSHint),Set(Atom(com.typesafe.sbt.jse.SbtJsTask))), Clause(Atom(com.typesafe.sbt.rjs.SbtRjs),Set(Atom(com.typesafe.sbt.jse.SbtJsTask))), Clause(Atom(com.typesafe.sbt.digest.SbtDigest),Set(Atom(com.typesafe.sbt.web.SbtWeb))), Clause(Atom(com.typesafe.sbt.mocha.SbtMocha),Set(Atom(com.typesafe.sbt.jse.SbtJsTask))), Clause(Atom(sbt.plugins.CorePlugin),Set(Atom(sbt.plugins.IvyPlugin))), Clause(Atom(sbt.plugins.IvyPlugin),Set(Atom(sbt.plugins.JvmPlugin))), Clause(Atom(sbt.plugins.JvmPlugin),Set(Atom(sbt.plugins.JUnitXmlReportPlugin))), Clause(And(Set(Atom(sbt.plugins.BackgroundRunPlugin), Atom(play.sbt.Play), Atom(sbt.plugins.SerializersPlugin))),Set(Atom(play.sbt.forkrun.PlayForkRun))), Clause(Atom(play.sbt.Play),Set(Atom(play.sbt.PlayLayoutPlugin))), Clause(Atom(play.sbt.Play),Set(Atom(play.sbt.PlayNettyServer))), Clause(Atom(com.typesafe.sbt.web.SbtWeb),Set(Atom(com.typesafe.sbt.jse.SbtJsEngine))), Clause(Atom(com.typesafe.sbt.jse.SbtJsEngine),Set(Atom(com.typesafe.sbt.jse.SbtJsTask))), Clause(Atom(sbt.plugins.JvmPlugin),Set(Atom(sbt.plugins.BackgroundRunPlugin))), Clause(Atom(sbt.plugins.CorePlugin),Set(Atom(sbt.plugins.InteractionServicePlugin))), Clause(Atom(sbt.plugins.CorePlugin),Set(Atom(sbt.plugins.SendEventServicePlugin))), Clause(Atom(sbt.plugins.CorePlugin),Set(Atom(sbt.plugins.SerializersPlugin))), Clause(Atom(com.typesafe.sbt.jse.SbtJsTask),Set(Atom(com.typesafe.sbt.coffeescript.SbtCoffeeScript))), Clause(Atom(com.typesafe.sbt.jse.SbtJsTask),Set(Atom(com.typesafe.sbt.less.SbtLess))), Clause(Atom(com.typesafe.sbt.jse.SbtJsTask),Set(Atom(com.typesafe.sbt.jshint.SbtJSHint))), Clause(Atom(com.typesafe.sbt.jse.SbtJsTask),Set(Atom(com.typesafe.sbt.rjs.SbtRjs))), Clause(Atom(com.typesafe.sbt.web.SbtWeb),Set(Atom(com.typesafe.sbt.digest.SbtDigest))), Clause(Atom(com.typesafe.sbt.jse.SbtJsTask),Set(Atom(com.typesafe.sbt.mocha.SbtMocha)))))
  :: deduced result: Matched(sbt.plugins.CorePlugin,play.sbt.PlayScala,sbt.plugins.InteractionServicePlugin,sbt.plugins.SendEventServicePlugin,play.sbt.Play,sbt.plugins.SerializersPlugin,sbt.plugins.IvyPlugin,com.typesafe.sbt.packager.archetypes.JavaServerAppPackaging,play.twirl.sbt.SbtTwirl,sbt.plugins.JvmPlugin,play.sbt.PlayNettyServer,play.sbt.PlayLayoutPlugin,play.sbt.routes.RoutesCompiler,com.typesafe.sbt.jse.SbtJsTask,com.typesafe.sbt.jshint.SbtJSHint,com.typesafe.sbt.packager.archetypes.JavaAppPackaging,sbt.plugins.JUnitXmlReportPlugin,com.typesafe.sbt.mocha.SbtMocha,com.typesafe.sbt.less.SbtLess,com.typesafe.sbt.rjs.SbtRjs,com.typesafe.sbt.jse.SbtJsEngine,com.typesafe.sbt.coffeescript.SbtCoffeeScript,sbt.plugins.BackgroundRunPlugin,com.typesafe.sbt.packager.rpm.RpmPlugin,com.typesafe.sbt.packager.windows.WindowsPlugin,com.typesafe.sbt.web.SbtWeb,com.typesafe.sbt.packager.docker.DockerPlugin,play.sbt.forkrun.PlayForkRun,com.typesafe.sbt.packager.debian.DebianPlugin,com.typesafe.sbt.digest.SbtDigest,com.typesafe.sbt.packager.universal.UniversalPlugin,com.typesafe.sbt.packager.linux.LinuxPlugin,com.typesafe.sbt.SbtNativePackager)
sorting: ns: List(sbt.plugins.CorePlugin, play.sbt.PlayScala, sbt.plugins.InteractionServicePlugin, sbt.plugins.SendEventServicePlugin, play.sbt.Play, sbt.plugins.SerializersPlugin, sbt.plugins.IvyPlugin, com.typesafe.sbt.packager.archetypes.JavaServerAppPackaging, play.twirl.sbt.SbtTwirl, sbt.plugins.JvmPlugin, play.sbt.PlayNettyServer, play.sbt.PlayLayoutPlugin, play.sbt.routes.RoutesCompiler, com.typesafe.sbt.jse.SbtJsTask, com.typesafe.sbt.jshint.SbtJSHint, com.typesafe.sbt.packager.archetypes.JavaAppPackaging, sbt.plugins.JUnitXmlReportPlugin, com.typesafe.sbt.mocha.SbtMocha, com.typesafe.sbt.less.SbtLess, com.typesafe.sbt.rjs.SbtRjs, com.typesafe.sbt.jse.SbtJsEngine, com.typesafe.sbt.coffeescript.SbtCoffeeScript, sbt.plugins.BackgroundRunPlugin, com.typesafe.sbt.packager.rpm.RpmPlugin, com.typesafe.sbt.packager.windows.WindowsPlugin, com.typesafe.sbt.web.SbtWeb, com.typesafe.sbt.packager.docker.DockerPlugin, play.sbt.forkrun.PlayForkRun, com.typesafe.sbt.packager.debian.DebianPlugin, com.typesafe.sbt.digest.SbtDigest, com.typesafe.sbt.packager.universal.UniversalPlugin, com.typesafe.sbt.packager.linux.LinuxPlugin, com.typesafe.sbt.SbtNativePackager)
  :: sorting:: found: List(sbt.plugins.CorePlugin, com.typesafe.sbt.SbtNativePackager) not found List(play.sbt.PlayScala, sbt.plugins.InteractionServicePlugin, sbt.plugins.SendEventServicePlugin, play.sbt.Play, sbt.plugins.SerializersPlugin, sbt.plugins.IvyPlugin, com.typesafe.sbt.packager.archetypes.JavaServerAppPackaging, play.twirl.sbt.SbtTwirl, sbt.plugins.JvmPlugin, play.sbt.PlayNettyServer, play.sbt.PlayLayoutPlugin, play.sbt.routes.RoutesCompiler, com.typesafe.sbt.jse.SbtJsTask, com.typesafe.sbt.jshint.SbtJSHint, com.typesafe.sbt.packager.archetypes.JavaAppPackaging, sbt.plugins.JUnitXmlReportPlugin, com.typesafe.sbt.mocha.SbtMocha, com.typesafe.sbt.less.SbtLess, com.typesafe.sbt.rjs.SbtRjs, com.typesafe.sbt.jse.SbtJsEngine, com.typesafe.sbt.coffeescript.SbtCoffeeScript, sbt.plugins.BackgroundRunPlugin, com.typesafe.sbt.packager.rpm.RpmPlugin, com.typesafe.sbt.packager.windows.WindowsPlugin, com.typesafe.sbt.web.SbtWeb, com.typesafe.sbt.packager.docker.DockerPlugin, play.sbt.forkrun.PlayForkRun, com.typesafe.sbt.packager.debian.DebianPlugin, com.typesafe.sbt.digest.SbtDigest, com.typesafe.sbt.packager.universal.UniversalPlugin, com.typesafe.sbt.packager.linux.LinuxPlugin)
  :: sorting:: found: List(sbt.plugins.CorePlugin, com.typesafe.sbt.SbtNativePackager, sbt.plugins.InteractionServicePlugin, sbt.plugins.SendEventServicePlugin, sbt.plugins.SerializersPlugin, sbt.plugins.IvyPlugin, com.typesafe.sbt.packager.universal.UniversalPlugin) not found List(play.sbt.PlayScala, play.sbt.Play, com.typesafe.sbt.packager.archetypes.JavaServerAppPackaging, play.twirl.sbt.SbtTwirl, sbt.plugins.JvmPlugin, play.sbt.PlayNettyServer, play.sbt.PlayLayoutPlugin, play.sbt.routes.RoutesCompiler, com.typesafe.sbt.jse.SbtJsTask, com.typesafe.sbt.jshint.SbtJSHint, com.typesafe.sbt.packager.archetypes.JavaAppPackaging, sbt.plugins.JUnitXmlReportPlugin, com.typesafe.sbt.mocha.SbtMocha, com.typesafe.sbt.less.SbtLess, com.typesafe.sbt.rjs.SbtRjs, com.typesafe.sbt.jse.SbtJsEngine, com.typesafe.sbt.coffeescript.SbtCoffeeScript, sbt.plugins.BackgroundRunPlugin, com.typesafe.sbt.packager.rpm.RpmPlugin, com.typesafe.sbt.packager.windows.WindowsPlugin, com.typesafe.sbt.web.SbtWeb, com.typesafe.sbt.packager.docker.DockerPlugin, play.sbt.forkrun.PlayForkRun, com.typesafe.sbt.packager.debian.DebianPlugin, com.typesafe.sbt.digest.SbtDigest, com.typesafe.sbt.packager.linux.LinuxPlugin)
  :: sorting:: found: List(sbt.plugins.CorePlugin, com.typesafe.sbt.SbtNativePackager, sbt.plugins.InteractionServicePlugin, sbt.plugins.SendEventServicePlugin, sbt.plugins.SerializersPlugin, sbt.plugins.IvyPlugin, com.typesafe.sbt.packager.universal.UniversalPlugin, sbt.plugins.JvmPlugin, com.typesafe.sbt.packager.windows.WindowsPlugin, com.typesafe.sbt.packager.docker.DockerPlugin, com.typesafe.sbt.packager.linux.LinuxPlugin) not found List(play.sbt.PlayScala, play.sbt.Play, com.typesafe.sbt.packager.archetypes.JavaServerAppPackaging, play.twirl.sbt.SbtTwirl, play.sbt.PlayNettyServer, play.sbt.PlayLayoutPlugin, play.sbt.routes.RoutesCompiler, com.typesafe.sbt.jse.SbtJsTask, com.typesafe.sbt.jshint.SbtJSHint, com.typesafe.sbt.packager.archetypes.JavaAppPackaging, sbt.plugins.JUnitXmlReportPlugin, com.typesafe.sbt.mocha.SbtMocha, com.typesafe.sbt.less.SbtLess, com.typesafe.sbt.rjs.SbtRjs, com.typesafe.sbt.jse.SbtJsEngine, com.typesafe.sbt.coffeescript.SbtCoffeeScript, sbt.plugins.BackgroundRunPlugin, com.typesafe.sbt.packager.rpm.RpmPlugin, com.typesafe.sbt.web.SbtWeb, play.sbt.forkrun.PlayForkRun, com.typesafe.sbt.packager.debian.DebianPlugin, com.typesafe.sbt.digest.SbtDigest)
  :: sorting:: found: List(sbt.plugins.CorePlugin, com.typesafe.sbt.SbtNativePackager, sbt.plugins.InteractionServicePlugin, sbt.plugins.SendEventServicePlugin, sbt.plugins.SerializersPlugin, sbt.plugins.IvyPlugin, com.typesafe.sbt.packager.universal.UniversalPlugin, sbt.plugins.JvmPlugin, com.typesafe.sbt.packager.windows.WindowsPlugin, com.typesafe.sbt.packager.docker.DockerPlugin, com.typesafe.sbt.packager.linux.LinuxPlugin, play.twirl.sbt.SbtTwirl, play.sbt.routes.RoutesCompiler, sbt.plugins.JUnitXmlReportPlugin, sbt.plugins.BackgroundRunPlugin, com.typesafe.sbt.packager.rpm.RpmPlugin, com.typesafe.sbt.web.SbtWeb, com.typesafe.sbt.packager.debian.DebianPlugin) not found List(play.sbt.PlayScala, play.sbt.Play, com.typesafe.sbt.packager.archetypes.JavaServerAppPackaging, play.sbt.PlayNettyServer, play.sbt.PlayLayoutPlugin, com.typesafe.sbt.jse.SbtJsTask, com.typesafe.sbt.jshint.SbtJSHint, com.typesafe.sbt.packager.archetypes.JavaAppPackaging, com.typesafe.sbt.mocha.SbtMocha, com.typesafe.sbt.less.SbtLess, com.typesafe.sbt.rjs.SbtRjs, com.typesafe.sbt.jse.SbtJsEngine, com.typesafe.sbt.coffeescript.SbtCoffeeScript, play.sbt.forkrun.PlayForkRun, com.typesafe.sbt.digest.SbtDigest)
  :: sorting:: found: List(sbt.plugins.CorePlugin, com.typesafe.sbt.SbtNativePackager, sbt.plugins.InteractionServicePlugin, sbt.plugins.SendEventServicePlugin, sbt.plugins.SerializersPlugin, sbt.plugins.IvyPlugin, com.typesafe.sbt.packager.universal.UniversalPlugin, sbt.plugins.JvmPlugin, com.typesafe.sbt.packager.windows.WindowsPlugin, com.typesafe.sbt.packager.docker.DockerPlugin, com.typesafe.sbt.packager.linux.LinuxPlugin, play.twirl.sbt.SbtTwirl, play.sbt.routes.RoutesCompiler, sbt.plugins.JUnitXmlReportPlugin, sbt.plugins.BackgroundRunPlugin, com.typesafe.sbt.packager.rpm.RpmPlugin, com.typesafe.sbt.web.SbtWeb, com.typesafe.sbt.packager.debian.DebianPlugin, com.typesafe.sbt.packager.archetypes.JavaAppPackaging, com.typesafe.sbt.jse.SbtJsEngine, com.typesafe.sbt.digest.SbtDigest) not found List(play.sbt.PlayScala, play.sbt.Play, com.typesafe.sbt.packager.archetypes.JavaServerAppPackaging, play.sbt.PlayNettyServer, play.sbt.PlayLayoutPlugin, com.typesafe.sbt.jse.SbtJsTask, com.typesafe.sbt.jshint.SbtJSHint, com.typesafe.sbt.mocha.SbtMocha, com.typesafe.sbt.less.SbtLess, com.typesafe.sbt.rjs.SbtRjs, com.typesafe.sbt.coffeescript.SbtCoffeeScript, play.sbt.forkrun.PlayForkRun)
  :: sorting:: found: List(sbt.plugins.CorePlugin, com.typesafe.sbt.SbtNativePackager, sbt.plugins.InteractionServicePlugin, sbt.plugins.SendEventServicePlugin, sbt.plugins.SerializersPlugin, sbt.plugins.IvyPlugin, com.typesafe.sbt.packager.universal.UniversalPlugin, sbt.plugins.JvmPlugin, com.typesafe.sbt.packager.windows.WindowsPlugin, com.typesafe.sbt.packager.docker.DockerPlugin, com.typesafe.sbt.packager.linux.LinuxPlugin, play.twirl.sbt.SbtTwirl, play.sbt.routes.RoutesCompiler, sbt.plugins.JUnitXmlReportPlugin, sbt.plugins.BackgroundRunPlugin, com.typesafe.sbt.packager.rpm.RpmPlugin, com.typesafe.sbt.web.SbtWeb, com.typesafe.sbt.packager.debian.DebianPlugin, com.typesafe.sbt.packager.archetypes.JavaAppPackaging, com.typesafe.sbt.jse.SbtJsEngine, com.typesafe.sbt.digest.SbtDigest, com.typesafe.sbt.packager.archetypes.JavaServerAppPackaging, com.typesafe.sbt.jse.SbtJsTask) not found List(play.sbt.PlayScala, play.sbt.Play, play.sbt.PlayNettyServer, play.sbt.PlayLayoutPlugin, com.typesafe.sbt.jshint.SbtJSHint, com.typesafe.sbt.mocha.SbtMocha, com.typesafe.sbt.less.SbtLess, com.typesafe.sbt.rjs.SbtRjs, com.typesafe.sbt.coffeescript.SbtCoffeeScript, play.sbt.forkrun.PlayForkRun)
  :: sorting:: found: List(sbt.plugins.CorePlugin, com.typesafe.sbt.SbtNativePackager, sbt.plugins.InteractionServicePlugin, sbt.plugins.SendEventServicePlugin, sbt.plugins.SerializersPlugin, sbt.plugins.IvyPlugin, com.typesafe.sbt.packager.universal.UniversalPlugin, sbt.plugins.JvmPlugin, com.typesafe.sbt.packager.windows.WindowsPlugin, com.typesafe.sbt.packager.docker.DockerPlugin, com.typesafe.sbt.packager.linux.LinuxPlugin, play.twirl.sbt.SbtTwirl, play.sbt.routes.RoutesCompiler, sbt.plugins.JUnitXmlReportPlugin, sbt.plugins.BackgroundRunPlugin, com.typesafe.sbt.packager.rpm.RpmPlugin, com.typesafe.sbt.web.SbtWeb, com.typesafe.sbt.packager.debian.DebianPlugin, com.typesafe.sbt.packager.archetypes.JavaAppPackaging, com.typesafe.sbt.jse.SbtJsEngine, com.typesafe.sbt.digest.SbtDigest, com.typesafe.sbt.packager.archetypes.JavaServerAppPackaging, com.typesafe.sbt.jse.SbtJsTask, play.sbt.Play, com.typesafe.sbt.jshint.SbtJSHint, com.typesafe.sbt.mocha.SbtMocha, com.typesafe.sbt.less.SbtLess, com.typesafe.sbt.rjs.SbtRjs, com.typesafe.sbt.coffeescript.SbtCoffeeScript) not found List(play.sbt.PlayScala, play.sbt.PlayNettyServer, play.sbt.PlayLayoutPlugin, play.sbt.forkrun.PlayForkRun)
  :: sorting:: found: List(sbt.plugins.CorePlugin, com.typesafe.sbt.SbtNativePackager, sbt.plugins.InteractionServicePlugin, sbt.plugins.SendEventServicePlugin, sbt.plugins.SerializersPlugin, sbt.plugins.IvyPlugin, com.typesafe.sbt.packager.universal.UniversalPlugin, sbt.plugins.JvmPlugin, com.typesafe.sbt.packager.windows.WindowsPlugin, com.typesafe.sbt.packager.docker.DockerPlugin, com.typesafe.sbt.packager.linux.LinuxPlugin, play.twirl.sbt.SbtTwirl, play.sbt.routes.RoutesCompiler, sbt.plugins.JUnitXmlReportPlugin, sbt.plugins.BackgroundRunPlugin, com.typesafe.sbt.packager.rpm.RpmPlugin, com.typesafe.sbt.web.SbtWeb, com.typesafe.sbt.packager.debian.DebianPlugin, com.typesafe.sbt.packager.archetypes.JavaAppPackaging, com.typesafe.sbt.jse.SbtJsEngine, com.typesafe.sbt.digest.SbtDigest, com.typesafe.sbt.packager.archetypes.JavaServerAppPackaging, com.typesafe.sbt.jse.SbtJsTask, play.sbt.Play, com.typesafe.sbt.jshint.SbtJSHint, com.typesafe.sbt.mocha.SbtMocha, com.typesafe.sbt.less.SbtLess, com.typesafe.sbt.rjs.SbtRjs, com.typesafe.sbt.coffeescript.SbtCoffeeScript, play.sbt.PlayScala, play.sbt.PlayNettyServer, play.sbt.PlayLayoutPlugin, play.sbt.forkrun.PlayForkRun) not found List()
  :: sorted deduced result: List(sbt.plugins.CorePlugin, com.typesafe.sbt.SbtNativePackager, sbt.plugins.InteractionServicePlugin, sbt.plugins.SendEventServicePlugin, sbt.plugins.SerializersPlugin, sbt.plugins.IvyPlugin, com.typesafe.sbt.packager.universal.UniversalPlugin, sbt.plugins.JvmPlugin, com.typesafe.sbt.packager.windows.WindowsPlugin, com.typesafe.sbt.packager.docker.DockerPlugin, com.typesafe.sbt.packager.linux.LinuxPlugin, play.twirl.sbt.SbtTwirl, play.sbt.routes.RoutesCompiler, sbt.plugins.JUnitXmlReportPlugin, sbt.plugins.BackgroundRunPlugin, com.typesafe.sbt.packager.rpm.RpmPlugin, com.typesafe.sbt.web.SbtWeb, com.typesafe.sbt.packager.debian.DebianPlugin, com.typesafe.sbt.packager.archetypes.JavaAppPackaging, com.typesafe.sbt.jse.SbtJsEngine, com.typesafe.sbt.digest.SbtDigest, com.typesafe.sbt.packager.archetypes.JavaServerAppPackaging, com.typesafe.sbt.jse.SbtJsTask, play.sbt.Play, com.typesafe.sbt.jshint.SbtJSHint, com.typesafe.sbt.mocha.SbtMocha, com.typesafe.sbt.less.SbtLess, com.typesafe.sbt.rjs.SbtRjs, com.typesafe.sbt.coffeescript.SbtCoffeeScript, play.sbt.PlayScala, play.sbt.PlayNettyServer, play.sbt.PlayLayoutPlugin, play.sbt.forkrun.PlayForkRun)
[Loading] Done in /Users/sumanth_bbn/workspace/workspacePlayLearning/url-shortner, returning: (root)
Set current project to url-shortner (in build file:/Users/sumanth_bbn/workspace/workspacePlayLearning/url-shortner/)
Reapplying settings...
Set current project to url-shortner (in build file:/Users/sumanth_bbn/workspace/workspacePlayLearning/url-shortner/)
> iflast shell
> server-send-ready-for-request
> server-handle-next-server-request
> {file:/Users/sumanth_bbn/workspace/workspacePlayLearning/url-shortner/}root/*:playForkConfig
Evaluating tasks: *:playForkConfig
Running task... Cancel: sbt.server.ServerTaskCancellation@2fd3625d, check cycles: false
Total time: 1 s, completed 27 Jan, 2016 2:58:43 PM
> server-post-command-cleanup
> server-handle-next-server-request
> root/playForkNotifyStart http://localhost:9000
Evaluating tasks: *:playForkNotifyStart
Running task... Cancel: sbt.server.ServerTaskCancellation@4d7d969c, check cycles: false
Total time: 0 s, completed 27 Jan, 2016 2:58:44 PM
> server-post-command-cleanup
> server-handle-next-server-request
> {file:/Users/sumanth_bbn/workspace/workspacePlayLearning/url-shortner/}root/*:playForkReload
Evaluating tasks: *:playForkReload
Running task... Cancel: sbt.server.ServerTaskCancellation@58e48af8, check cycles: false

Initial source changes: 
	removed:Set()
	added: Set()
	modified: Set(/Users/sumanth_bbn/workspace/workspacePlayLearning/url-shortner/target/scala-2.11/routes/main/controllers/javascript/JavaScriptReverseRoutes.scala, /Users/sumanth_bbn/workspace/workspacePlayLearning/url-shortner/target/scala-2.11/routes/main/controllers/routes.java, /Users/sumanth_bbn/workspace/workspacePlayLearning/url-shortner/target/scala-2.11/routes/main/router/Routes.scala, /Users/sumanth_bbn/workspace/workspacePlayLearning/url-shortner/target/scala-2.11/routes/main/controllers/ReverseRoutes.scala, /Users/sumanth_bbn/workspace/workspacePlayLearning/url-shortner/app/controllers/Application.scala, /Users/sumanth_bbn/workspace/workspacePlayLearning/url-shortner/target/scala-2.11/routes/main/router/RoutesPrefix.scala)
Removed products: Set()
External API changes: API Changes: Set()
Modified binary dependencies: Set()
Initial directly invalidated sources: Set(/Users/sumanth_bbn/workspace/workspacePlayLearning/url-shortner/target/scala-2.11/routes/main/controllers/javascript/JavaScriptReverseRoutes.scala, /Users/sumanth_bbn/workspace/workspacePlayLearning/url-shortner/target/scala-2.11/routes/main/controllers/routes.java, /Users/sumanth_bbn/workspace/workspacePlayLearning/url-shortner/target/scala-2.11/routes/main/router/Routes.scala, /Users/sumanth_bbn/workspace/workspacePlayLearning/url-shortner/target/scala-2.11/routes/main/controllers/ReverseRoutes.scala, /Users/sumanth_bbn/workspace/workspacePlayLearning/url-shortner/app/controllers/Application.scala, /Users/sumanth_bbn/workspace/workspacePlayLearning/url-shortner/target/scala-2.11/routes/main/router/RoutesPrefix.scala)

Sources indirectly invalidated by:
	product: Set()
	binary dep: Set()
	external source: Set()
All initially invalidated sources: Set(/Users/sumanth_bbn/workspace/workspacePlayLearning/url-shortner/target/scala-2.11/routes/main/controllers/javascript/JavaScriptReverseRoutes.scala, /Users/sumanth_bbn/workspace/workspacePlayLearning/url-shortner/target/scala-2.11/routes/main/controllers/routes.java, /Users/sumanth_bbn/workspace/workspacePlayLearning/url-shortner/target/scala-2.11/routes/main/router/Routes.scala, /Users/sumanth_bbn/workspace/workspacePlayLearning/url-shortner/target/scala-2.11/routes/main/controllers/ReverseRoutes.scala, /Users/sumanth_bbn/workspace/workspacePlayLearning/url-shortner/app/controllers/Application.scala, /Users/sumanth_bbn/workspace/workspacePlayLearning/url-shortner/target/scala-2.11/routes/main/router/RoutesPrefix.scala)

Recompiling all 10 sources: invalidated sources (6) exceeded 50.0% of all sources
Read from stdout: Compiling 9 Scala sources and 1 Java source to /Users/sumanth_bbn/workspace/workspacePlayLearning/url-shortner/target/scala-2.11/classes...
Compiling 9 Scala sources and 1 Java source to /Users/sumanth_bbn/workspace/workspacePlayLearning/url-shortner/target/scala-2.11/classes...
Getting compiler-interface from component compiler for Scala 2.11.7
Other repositories:
Default repositories:
Getting compiler-interface from component compiler for Scala 2.11.7
Other repositories:
Default repositories:
Running cached compiler 64952e7f, interfacing (CompilerInterface) with Scala compiler version 2.11.7
Calling Scala compiler with arguments  (CompilerInterface):
	-deprecation
	-unchecked
	-encoding
	utf8
	-bootclasspath
	/Library/Java/JavaVirtualMachines/jdk1.8.0_60.jdk/Contents/Home/jre/lib/resources.jar:/Library/Java/JavaVirtualMachines/jdk1.8.0_60.jdk/Contents/Home/jre/lib/rt.jar:/Library/Java/JavaVirtualMachines/jdk1.8.0_60.jdk/Contents/Home/jre/lib/sunrsasign.jar:/Library/Java/JavaVirtualMachines/jdk1.8.0_60.jdk/Contents/Home/jre/lib/jsse.jar:/Library/Java/JavaVirtualMachines/jdk1.8.0_60.jdk/Contents/Home/jre/lib/jce.jar:/Library/Java/JavaVirtualMachines/jdk1.8.0_60.jdk/Contents/Home/jre/lib/charsets.jar:/Library/Java/JavaVirtualMachines/jdk1.8.0_60.jdk/Contents/Home/jre/lib/jfr.jar:/Library/Java/JavaVirtualMachines/jdk1.8.0_60.jdk/Contents/Home/jre/classes:/Users/sumanth_bbn/.ivy2/cache/org.scala-lang/scala-library/jars/scala-library-2.11.7.jar
	-classpath
	/Users/sumanth_bbn/workspace/workspacePlayLearning/url-shortner/target/scala-2.11/classes:/Users/sumanth_bbn/installers/activator-dist-1.3.6/repository/com.typesafe.play/twirl-api_2.11/1.1.1/jars/twirl-api_2.11.jar:/Users/sumanth_bbn/.ivy2/cache/org.apache.commons/commons-lang3/jars/commons-lang3-3.4.jar:/Users/sumanth_bbn/.ivy2/cache/org.scala-lang.modules/scala-xml_2.11/bundles/scala-xml_2.11-1.0.1.jar:/Users/sumanth_bbn/.ivy2/cache/com.typesafe.play/play-server_2.11/jars/play-server_2.11-2.4.6.jar:/Users/sumanth_bbn/.ivy2/cache/com.typesafe.play/play_2.11/jars/play_2.11-2.4.6.jar:/Users/sumanth_bbn/.ivy2/cache/com.typesafe.play/build-link/jars/build-link-2.4.6.jar:/Users/sumanth_bbn/.ivy2/cache/com.typesafe.play/play-exceptions/jars/play-exceptions-2.4.6.jar:/Users/sumanth_bbn/installers/activator-dist-1.3.6/repository/org.javassist/javassist/3.19.0-GA/bundles/javassist.jar:/Users/sumanth_bbn/.ivy2/cache/com.typesafe.play/play-iteratees_2.11/jars/play-iteratees_2.11-2.4.6.jar:/Users/sumanth_bbn/.ivy2/cache/org.scala-stm/scala-stm_2.11/jars/scala-stm_2.11-0.7.jar:/Users/sumanth_bbn/installers/activator-dist-1.3.6/repository/com.typesafe/config/1.3.0/bundles/config.jar:/Users/sumanth_bbn/.ivy2/cache/com.typesafe.play/play-json_2.11/jars/play-json_2.11-2.4.6.jar:/Users/sumanth_bbn/.ivy2/cache/com.typesafe.play/play-functional_2.11/jars/play-functional_2.11-2.4.6.jar:/Users/sumanth_bbn/.ivy2/cache/com.typesafe.play/play-datacommons_2.11/jars/play-datacommons_2.11-2.4.6.jar:/Users/sumanth_bbn/.ivy2/cache/joda-time/joda-time/jars/joda-time-2.8.1.jar:/Users/sumanth_bbn/.ivy2/cache/org.joda/joda-convert/jars/joda-convert-1.7.jar:/Users/sumanth_bbn/.ivy2/cache/org.scala-lang/scala-reflect/jars/scala-reflect-2.11.6.jar:/Users/sumanth_bbn/installers/activator-dist-1.3.6/repository/com.fasterxml.jackson.core/jackson-core/2.5.4/bundles/jackson-core.jar:/Users/sumanth_bbn/installers/activator-dist-1.3.6/repository/com.fasterxml.jackson.core/jackson-annotations/2.5.4/bundles/jackson-annotations.jar:/Users/sumanth_bbn/installers/activator-dist-1.3.6/repository/com.fasterxml.jackson.core/jackson-databind/2.5.4/bundles/jackson-databind.jar:/Users/sumanth_bbn/installers/activator-dist-1.3.6/repository/com.fasterxml.jackson.datatype/jackson-datatype-jdk8/2.5.4/bundles/jackson-datatype-jdk8.jar:/Users/sumanth_bbn/installers/activator-dist-1.3.6/repository/com.fasterxml.jackson.datatype/jackson-datatype-jsr310/2.5.4/bundles/jackson-datatype-jsr310.jar:/Users/sumanth_bbn/.ivy2/cache/com.typesafe.play/play-netty-utils/jars/play-netty-utils-2.4.6.jar:/Users/sumanth_bbn/.ivy2/cache/org.slf4j/slf4j-api/jars/slf4j-api-1.7.12.jar:/Users/sumanth_bbn/installers/activator-dist-1.3.6/repository/org.slf4j/jul-to-slf4j/1.7.12/jars/jul-to-slf4j.jar:/Users/sumanth_bbn/installers/activator-dist-1.3.6/repository/org.slf4j/jcl-over-slf4j/1.7.12/jars/jcl-over-slf4j.jar:/Users/sumanth_bbn/.ivy2/cache/org.scala-lang.modules/scala-parser-combinators_2.11/bundles/scala-parser-combinators_2.11-1.0.1.jar:/Users/sumanth_bbn/installers/activator-dist-1.3.6/repository/ch.qos.logback/logback-core/1.1.3/jars/logback-core.jar:/Users/sumanth_bbn/installers/activator-dist-1.3.6/repository/ch.qos.logback/logback-classic/1.1.3/jars/logback-classic.jar:/Users/sumanth_bbn/.ivy2/cache/com.typesafe.akka/akka-actor_2.11/jars/akka-actor_2.11-2.3.13.jar:/Users/sumanth_bbn/.ivy2/cache/com.typesafe.akka/akka-slf4j_2.11/jars/akka-slf4j_2.11-2.3.13.jar:/Users/sumanth_bbn/.ivy2/cache/commons-codec/commons-codec/jars/commons-codec-1.10.jar:/Users/sumanth_bbn/.ivy2/cache/xerces/xercesImpl/jars/xercesImpl-2.11.0.jar:/Users/sumanth_bbn/.ivy2/cache/xml-apis/xml-apis/jars/xml-apis-1.4.01.jar:/Users/sumanth_bbn/.ivy2/cache/javax.transaction/jta/jars/jta-1.1.jar:/Users/sumanth_bbn/installers/activator-dist-1.3.6/repository/com.google.inject/guice/4.0/jars/guice.jar:/Users/sumanth_bbn/.ivy2/cache/javax.inject/javax.inject/jars/javax.inject-1.jar:/Users/sumanth_bbn/.ivy2/cache/aopalliance/aopalliance/jars/aopalliance-1.0.jar:/Users/sumanth_bbn/installers/activator-dist-1.3.6/repository/com.google.inject.extensions/guice-assistedinject/4.0/jars/guice-assistedinject.jar:/Users/sumanth_bbn/.ivy2/cache/com.typesafe.play/play-netty-server_2.11/jars/play-netty-server_2.11-2.4.6.jar:/Users/sumanth_bbn/.ivy2/cache/io.netty/netty/bundles/netty-3.10.4.Final.jar:/Users/sumanth_bbn/installers/activator-dist-1.3.6/repository/com.typesafe.netty/netty-http-pipelining/1.1.4/jars/netty-http-pipelining.jar:/Users/sumanth_bbn/.ivy2/cache/com.typesafe.play/play-jdbc_2.11/jars/play-jdbc_2.11-2.4.6.jar:/Users/sumanth_bbn/.ivy2/cache/com.typesafe.play/play-jdbc-api_2.11/jars/play-jdbc-api_2.11-2.4.6.jar:/Users/sumanth_bbn/.ivy2/cache/com.jolbox/bonecp/bundles/bonecp-0.8.0.RELEASE.jar:/Users/sumanth_bbn/installers/activator-dist-1.3.6/repository/com.zaxxer/HikariCP/2.3.7/bundles/HikariCP.jar:/Users/sumanth_bbn/installers/activator-dist-1.3.6/repository/com.h2database/h2/1.4.187/jars/h2.jar:/Users/sumanth_bbn/installers/activator-dist-1.3.6/repository/tyrex/tyrex/1.0.1/jars/tyrex.jar:/Users/sumanth_bbn/.ivy2/cache/com.typesafe.play/play-cache_2.11/jars/play-cache_2.11-2.4.6.jar:/Users/sumanth_bbn/installers/activator-dist-1.3.6/repository/net.sf.ehcache/ehcache-core/2.6.11/jars/ehcache-core.jar:/Users/sumanth_bbn/.ivy2/cache/com.typesafe.play/play-ws_2.11/jars/play-ws_2.11-2.4.6.jar:/Users/sumanth_bbn/installers/activator-dist-1.3.6/repository/com.google.guava/guava/18.0/bundles/guava.jar:/Users/sumanth_bbn/installers/activator-dist-1.3.6/repository/com.ning/async-http-client/1.9.21/jars/async-http-client.jar:/Users/sumanth_bbn/.ivy2/cache/oauth.signpost/signpost-core/jars/signpost-core-1.2.1.2.jar:/Users/sumanth_bbn/.ivy2/cache/oauth.signpost/signpost-commonshttp4/jars/signpost-commonshttp4-1.2.1.2.jar:/Users/sumanth_bbn/installers/activator-dist-1.3.6/repository/org.apache.httpcomponents/httpcore/4.0.1/jars/httpcore.jar:/Users/sumanth_bbn/installers/activator-dist-1.3.6/repository/org.apache.httpcomponents/httpclient/4.0.1/jars/httpclient.jar:/Users/sumanth_bbn/.ivy2/cache/commons-logging/commons-logging/jars/commons-logging-1.1.1.jar:/Users/sumanth_bbn/.ivy2/cache/com.typesafe.slick/slick_2.11/bundles/slick_2.11-3.1.0-M1.jar:/Users/sumanth_bbn/installers/activator-dist-1.3.6/repository/org.reactivestreams/reactive-streams/1.0.0/jars/reactive-streams.jar:/Users/sumanth_bbn/.ivy2/cache/com.typesafe.play/anorm_2.11/jars/anorm_2.11-2.3.9.jar:/Users/sumanth_bbn/.ivy2/cache/com.jsuereth/scala-arm_2.11/jars/scala-arm_2.11-1.4.jar:/Users/sumanth_bbn/.ivy2/cache/org.scala-lang.plugins/scala-continuations-library_2.11/bundles/scala-continuations-library_2.11-1.0.1.jar:/Users/sumanth_bbn/.ivy2/cache/mysql/mysql-connector-java/jars/mysql-connector-java-5.1.36.jar
Scala compilation took 9.512980999 s
Attempting to call com.sun.tools.javac.api.JavacTool@64df06bb directly...
Java compilation took 0.520603893 s
Java analysis took 0.051643411 s
Java compile + analysis took 0.580515378 s
Invalidating /Users/sumanth_bbn/workspace/workspacePlayLearning/url-shortner/target/scala-2.11/routes/main/controllers/javascript/JavaScriptReverseRoutes.scala...
Invalidating (transitively) by inheritance from /Users/sumanth_bbn/workspace/workspacePlayLearning/url-shortner/target/scala-2.11/routes/main/controllers/javascript/JavaScriptReverseRoutes.scala...
Initial set of included nodes: Set(/Users/sumanth_bbn/workspace/workspacePlayLearning/url-shortner/target/scala-2.11/routes/main/controllers/javascript/JavaScriptReverseRoutes.scala)
Invalidated by transitive inheritance dependency: Set(/Users/sumanth_bbn/workspace/workspacePlayLearning/url-shortner/target/scala-2.11/routes/main/controllers/javascript/JavaScriptReverseRoutes.scala)
The /Users/sumanth_bbn/workspace/workspacePlayLearning/url-shortner/target/scala-2.11/routes/main/controllers/javascript/JavaScriptReverseRoutes.scala source file has the following regular definitions changed:
	echo.
All member reference dependencies will be considered within this context.
Name hashing optimization doesn't apply to non-Scala dependency: /Users/sumanth_bbn/workspace/workspacePlayLearning/url-shortner/target/scala-2.11/routes/main/controllers/routes.java
Invalidating /Users/sumanth_bbn/workspace/workspacePlayLearning/url-shortner/target/scala-2.11/routes/main/controllers/ReverseRoutes.scala...
Invalidating (transitively) by inheritance from /Users/sumanth_bbn/workspace/workspacePlayLearning/url-shortner/target/scala-2.11/routes/main/controllers/ReverseRoutes.scala...
Initial set of included nodes: Set(/Users/sumanth_bbn/workspace/workspacePlayLearning/url-shortner/target/scala-2.11/routes/main/controllers/ReverseRoutes.scala)
Invalidated by transitive inheritance dependency: Set(/Users/sumanth_bbn/workspace/workspacePlayLearning/url-shortner/target/scala-2.11/routes/main/controllers/ReverseRoutes.scala)
The /Users/sumanth_bbn/workspace/workspacePlayLearning/url-shortner/target/scala-2.11/routes/main/controllers/ReverseRoutes.scala source file has the following regular definitions changed:
	echo.
All member reference dependencies will be considered within this context.
Name hashing optimization doesn't apply to non-Scala dependency: /Users/sumanth_bbn/workspace/workspacePlayLearning/url-shortner/target/scala-2.11/routes/main/controllers/routes.java
None of the modified names appears in /Users/sumanth_bbn/workspace/workspacePlayLearning/url-shortner/target/scala-2.11/twirl/main/views/html/main.template.scala. This dependency is not being considered for invalidation.
Invalidating /Users/sumanth_bbn/workspace/workspacePlayLearning/url-shortner/app/controllers/Application.scala...
Invalidating (transitively) by inheritance from /Users/sumanth_bbn/workspace/workspacePlayLearning/url-shortner/app/controllers/Application.scala...
Initial set of included nodes: Set(/Users/sumanth_bbn/workspace/workspacePlayLearning/url-shortner/app/controllers/Application.scala)
Invalidated by transitive inheritance dependency: Set(/Users/sumanth_bbn/workspace/workspacePlayLearning/url-shortner/app/controllers/Application.scala)
The /Users/sumanth_bbn/workspace/workspacePlayLearning/url-shortner/app/controllers/Application.scala source file has the following regular definitions changed:
	echo.
All member reference dependencies will be considered within this context.
The following modified names cause invalidation of /Users/sumanth_bbn/workspace/workspacePlayLearning/url-shortner/target/scala-2.11/routes/main/router/Routes.scala: Set(echo)
New invalidations:
	Set(/Users/sumanth_bbn/workspace/workspacePlayLearning/url-shortner/target/scala-2.11/routes/main/controllers/routes.java, /Users/sumanth_bbn/workspace/workspacePlayLearning/url-shortner/target/scala-2.11/routes/main/router/Routes.scala)
Initial set of included nodes: Set(/Users/sumanth_bbn/workspace/workspacePlayLearning/url-shortner/target/scala-2.11/routes/main/controllers/routes.java, /Users/sumanth_bbn/workspace/workspacePlayLearning/url-shortner/target/scala-2.11/routes/main/router/Routes.scala)
Including /Users/sumanth_bbn/workspace/workspacePlayLearning/url-shortner/target/scala-2.11/twirl/main/views/html/main.template.scala by /Users/sumanth_bbn/workspace/workspacePlayLearning/url-shortner/target/scala-2.11/routes/main/controllers/routes.java
Including /Users/sumanth_bbn/workspace/workspacePlayLearning/url-shortner/target/scala-2.11/twirl/main/views/html/index.template.scala by /Users/sumanth_bbn/workspace/workspacePlayLearning/url-shortner/target/scala-2.11/twirl/main/views/html/main.template.scala
Including /Users/sumanth_bbn/workspace/workspacePlayLearning/url-shortner/app/controllers/Application.scala by /Users/sumanth_bbn/workspace/workspacePlayLearning/url-shortner/target/scala-2.11/twirl/main/views/html/index.template.scala
Including /Users/sumanth_bbn/workspace/workspacePlayLearning/url-shortner/target/scala-2.11/routes/main/router/Routes.scala by /Users/sumanth_bbn/workspace/workspacePlayLearning/url-shortner/app/controllers/Application.scala
Previously invalidated, but (transitively) depend on new invalidations:
	Set(/Users/sumanth_bbn/workspace/workspacePlayLearning/url-shortner/app/controllers/Application.scala)
All newly invalidated sources after taking into account (previously) recompiled sources:Set()
Copy resource mappings: 
	(/Users/sumanth_bbn/workspace/workspacePlayLearning/url-shortner/conf/application.conf,/Users/sumanth_bbn/workspace/workspacePlayLearning/url-shortner/target/scala-2.11/classes/application.conf)
	(/Users/sumanth_bbn/workspace/workspacePlayLearning/url-shortner/conf/logback.xml,/Users/sumanth_bbn/workspace/workspacePlayLearning/url-shortner/target/scala-2.11/classes/logback.xml)
	(/Users/sumanth_bbn/workspace/workspacePlayLearning/url-shortner/conf/routes,/Users/sumanth_bbn/workspace/workspacePlayLearning/url-shortner/target/scala-2.11/classes/routes)
Total time: 13 s, completed 27 Jan, 2016 2:59:04 PM
> server-post-command-cleanup
> server-handle-next-server-request
> {file:/Users/sumanth_bbn/workspace/workspacePlayLearning/url-shortner/}root/*:playForkReload
Evaluating tasks: *:playForkReload
Running task... Cancel: sbt.server.ServerTaskCancellation@577e82a2, check cycles: false

Initial source changes: 
	removed:Set()
	added: Set()
	modified: Set(/Users/sumanth_bbn/workspace/workspacePlayLearning/url-shortner/target/scala-2.11/routes/main/controllers/javascript/JavaScriptReverseRoutes.scala, /Users/sumanth_bbn/workspace/workspacePlayLearning/url-shortner/target/scala-2.11/routes/main/controllers/routes.java, /Users/sumanth_bbn/workspace/workspacePlayLearning/url-shortner/target/scala-2.11/routes/main/router/Routes.scala, /Users/sumanth_bbn/workspace/workspacePlayLearning/url-shortner/target/scala-2.11/routes/main/controllers/ReverseRoutes.scala, /Users/sumanth_bbn/workspace/workspacePlayLearning/url-shortner/target/scala-2.11/routes/main/router/RoutesPrefix.scala)
Removed products: Set()
External API changes: API Changes: Set()
Modified binary dependencies: Set()
Initial directly invalidated sources: Set(/Users/sumanth_bbn/workspace/workspacePlayLearning/url-shortner/target/scala-2.11/routes/main/controllers/javascript/JavaScriptReverseRoutes.scala, /Users/sumanth_bbn/workspace/workspacePlayLearning/url-shortner/target/scala-2.11/routes/main/controllers/routes.java, /Users/sumanth_bbn/workspace/workspacePlayLearning/url-shortner/target/scala-2.11/routes/main/router/Routes.scala, /Users/sumanth_bbn/workspace/workspacePlayLearning/url-shortner/target/scala-2.11/routes/main/controllers/ReverseRoutes.scala, /Users/sumanth_bbn/workspace/workspacePlayLearning/url-shortner/target/scala-2.11/routes/main/router/RoutesPrefix.scala)

Sources indirectly invalidated by:
	product: Set()
	binary dep: Set()
	external source: Set()
All initially invalidated sources: Set(/Users/sumanth_bbn/workspace/workspacePlayLearning/url-shortner/target/scala-2.11/routes/main/controllers/javascript/JavaScriptReverseRoutes.scala, /Users/sumanth_bbn/workspace/workspacePlayLearning/url-shortner/target/scala-2.11/routes/main/controllers/routes.java, /Users/sumanth_bbn/workspace/workspacePlayLearning/url-shortner/target/scala-2.11/routes/main/router/Routes.scala, /Users/sumanth_bbn/workspace/workspacePlayLearning/url-shortner/target/scala-2.11/routes/main/controllers/ReverseRoutes.scala, /Users/sumanth_bbn/workspace/workspacePlayLearning/url-shortner/target/scala-2.11/routes/main/router/RoutesPrefix.scala)

Read from stdout: Compiling 4 Scala sources and 1 Java source to /Users/sumanth_bbn/workspace/workspacePlayLearning/url-shortner/target/scala-2.11/classes...
Compiling 4 Scala sources and 1 Java source to /Users/sumanth_bbn/workspace/workspacePlayLearning/url-shortner/target/scala-2.11/classes...
Getting compiler-interface from component compiler for Scala 2.11.7
Other repositories:
Default repositories:
Getting compiler-interface from component compiler for Scala 2.11.7
Other repositories:
Default repositories:
Running cached compiler 67449362, interfacing (CompilerInterface) with Scala compiler version 2.11.7
Calling Scala compiler with arguments  (CompilerInterface):
	-deprecation
	-unchecked
	-encoding
	utf8
	-bootclasspath
	/Library/Java/JavaVirtualMachines/jdk1.8.0_60.jdk/Contents/Home/jre/lib/resources.jar:/Library/Java/JavaVirtualMachines/jdk1.8.0_60.jdk/Contents/Home/jre/lib/rt.jar:/Library/Java/JavaVirtualMachines/jdk1.8.0_60.jdk/Contents/Home/jre/lib/sunrsasign.jar:/Library/Java/JavaVirtualMachines/jdk1.8.0_60.jdk/Contents/Home/jre/lib/jsse.jar:/Library/Java/JavaVirtualMachines/jdk1.8.0_60.jdk/Contents/Home/jre/lib/jce.jar:/Library/Java/JavaVirtualMachines/jdk1.8.0_60.jdk/Contents/Home/jre/lib/charsets.jar:/Library/Java/JavaVirtualMachines/jdk1.8.0_60.jdk/Contents/Home/jre/lib/jfr.jar:/Library/Java/JavaVirtualMachines/jdk1.8.0_60.jdk/Contents/Home/jre/classes:/Users/sumanth_bbn/.ivy2/cache/org.scala-lang/scala-library/jars/scala-library-2.11.7.jar
	-classpath
	/Users/sumanth_bbn/workspace/workspacePlayLearning/url-shortner/target/scala-2.11/classes:/Users/sumanth_bbn/installers/activator-dist-1.3.6/repository/com.typesafe.play/twirl-api_2.11/1.1.1/jars/twirl-api_2.11.jar:/Users/sumanth_bbn/.ivy2/cache/org.apache.commons/commons-lang3/jars/commons-lang3-3.4.jar:/Users/sumanth_bbn/.ivy2/cache/org.scala-lang.modules/scala-xml_2.11/bundles/scala-xml_2.11-1.0.1.jar:/Users/sumanth_bbn/.ivy2/cache/com.typesafe.play/play-server_2.11/jars/play-server_2.11-2.4.6.jar:/Users/sumanth_bbn/.ivy2/cache/com.typesafe.play/play_2.11/jars/play_2.11-2.4.6.jar:/Users/sumanth_bbn/.ivy2/cache/com.typesafe.play/build-link/jars/build-link-2.4.6.jar:/Users/sumanth_bbn/.ivy2/cache/com.typesafe.play/play-exceptions/jars/play-exceptions-2.4.6.jar:/Users/sumanth_bbn/installers/activator-dist-1.3.6/repository/org.javassist/javassist/3.19.0-GA/bundles/javassist.jar:/Users/sumanth_bbn/.ivy2/cache/com.typesafe.play/play-iteratees_2.11/jars/play-iteratees_2.11-2.4.6.jar:/Users/sumanth_bbn/.ivy2/cache/org.scala-stm/scala-stm_2.11/jars/scala-stm_2.11-0.7.jar:/Users/sumanth_bbn/installers/activator-dist-1.3.6/repository/com.typesafe/config/1.3.0/bundles/config.jar:/Users/sumanth_bbn/.ivy2/cache/com.typesafe.play/play-json_2.11/jars/play-json_2.11-2.4.6.jar:/Users/sumanth_bbn/.ivy2/cache/com.typesafe.play/play-functional_2.11/jars/play-functional_2.11-2.4.6.jar:/Users/sumanth_bbn/.ivy2/cache/com.typesafe.play/play-datacommons_2.11/jars/play-datacommons_2.11-2.4.6.jar:/Users/sumanth_bbn/.ivy2/cache/joda-time/joda-time/jars/joda-time-2.8.1.jar:/Users/sumanth_bbn/.ivy2/cache/org.joda/joda-convert/jars/joda-convert-1.7.jar:/Users/sumanth_bbn/.ivy2/cache/org.scala-lang/scala-reflect/jars/scala-reflect-2.11.6.jar:/Users/sumanth_bbn/installers/activator-dist-1.3.6/repository/com.fasterxml.jackson.core/jackson-core/2.5.4/bundles/jackson-core.jar:/Users/sumanth_bbn/installers/activator-dist-1.3.6/repository/com.fasterxml.jackson.core/jackson-annotations/2.5.4/bundles/jackson-annotations.jar:/Users/sumanth_bbn/installers/activator-dist-1.3.6/repository/com.fasterxml.jackson.core/jackson-databind/2.5.4/bundles/jackson-databind.jar:/Users/sumanth_bbn/installers/activator-dist-1.3.6/repository/com.fasterxml.jackson.datatype/jackson-datatype-jdk8/2.5.4/bundles/jackson-datatype-jdk8.jar:/Users/sumanth_bbn/installers/activator-dist-1.3.6/repository/com.fasterxml.jackson.datatype/jackson-datatype-jsr310/2.5.4/bundles/jackson-datatype-jsr310.jar:/Users/sumanth_bbn/.ivy2/cache/com.typesafe.play/play-netty-utils/jars/play-netty-utils-2.4.6.jar:/Users/sumanth_bbn/.ivy2/cache/org.slf4j/slf4j-api/jars/slf4j-api-1.7.12.jar:/Users/sumanth_bbn/installers/activator-dist-1.3.6/repository/org.slf4j/jul-to-slf4j/1.7.12/jars/jul-to-slf4j.jar:/Users/sumanth_bbn/installers/activator-dist-1.3.6/repository/org.slf4j/jcl-over-slf4j/1.7.12/jars/jcl-over-slf4j.jar:/Users/sumanth_bbn/.ivy2/cache/org.scala-lang.modules/scala-parser-combinators_2.11/bundles/scala-parser-combinators_2.11-1.0.1.jar:/Users/sumanth_bbn/installers/activator-dist-1.3.6/repository/ch.qos.logback/logback-core/1.1.3/jars/logback-core.jar:/Users/sumanth_bbn/installers/activator-dist-1.3.6/repository/ch.qos.logback/logback-classic/1.1.3/jars/logback-classic.jar:/Users/sumanth_bbn/.ivy2/cache/com.typesafe.akka/akka-actor_2.11/jars/akka-actor_2.11-2.3.13.jar:/Users/sumanth_bbn/.ivy2/cache/com.typesafe.akka/akka-slf4j_2.11/jars/akka-slf4j_2.11-2.3.13.jar:/Users/sumanth_bbn/.ivy2/cache/commons-codec/commons-codec/jars/commons-codec-1.10.jar:/Users/sumanth_bbn/.ivy2/cache/xerces/xercesImpl/jars/xercesImpl-2.11.0.jar:/Users/sumanth_bbn/.ivy2/cache/xml-apis/xml-apis/jars/xml-apis-1.4.01.jar:/Users/sumanth_bbn/.ivy2/cache/javax.transaction/jta/jars/jta-1.1.jar:/Users/sumanth_bbn/installers/activator-dist-1.3.6/repository/com.google.inject/guice/4.0/jars/guice.jar:/Users/sumanth_bbn/.ivy2/cache/javax.inject/javax.inject/jars/javax.inject-1.jar:/Users/sumanth_bbn/.ivy2/cache/aopalliance/aopalliance/jars/aopalliance-1.0.jar:/Users/sumanth_bbn/installers/activator-dist-1.3.6/repository/com.google.inject.extensions/guice-assistedinject/4.0/jars/guice-assistedinject.jar:/Users/sumanth_bbn/.ivy2/cache/com.typesafe.play/play-netty-server_2.11/jars/play-netty-server_2.11-2.4.6.jar:/Users/sumanth_bbn/.ivy2/cache/io.netty/netty/bundles/netty-3.10.4.Final.jar:/Users/sumanth_bbn/installers/activator-dist-1.3.6/repository/com.typesafe.netty/netty-http-pipelining/1.1.4/jars/netty-http-pipelining.jar:/Users/sumanth_bbn/.ivy2/cache/com.typesafe.play/play-jdbc_2.11/jars/play-jdbc_2.11-2.4.6.jar:/Users/sumanth_bbn/.ivy2/cache/com.typesafe.play/play-jdbc-api_2.11/jars/play-jdbc-api_2.11-2.4.6.jar:/Users/sumanth_bbn/.ivy2/cache/com.jolbox/bonecp/bundles/bonecp-0.8.0.RELEASE.jar:/Users/sumanth_bbn/installers/activator-dist-1.3.6/repository/com.zaxxer/HikariCP/2.3.7/bundles/HikariCP.jar:/Users/sumanth_bbn/installers/activator-dist-1.3.6/repository/com.h2database/h2/1.4.187/jars/h2.jar:/Users/sumanth_bbn/installers/activator-dist-1.3.6/repository/tyrex/tyrex/1.0.1/jars/tyrex.jar:/Users/sumanth_bbn/.ivy2/cache/com.typesafe.play/play-cache_2.11/jars/play-cache_2.11-2.4.6.jar:/Users/sumanth_bbn/installers/activator-dist-1.3.6/repository/net.sf.ehcache/ehcache-core/2.6.11/jars/ehcache-core.jar:/Users/sumanth_bbn/.ivy2/cache/com.typesafe.play/play-ws_2.11/jars/play-ws_2.11-2.4.6.jar:/Users/sumanth_bbn/installers/activator-dist-1.3.6/repository/com.google.guava/guava/18.0/bundles/guava.jar:/Users/sumanth_bbn/installers/activator-dist-1.3.6/repository/com.ning/async-http-client/1.9.21/jars/async-http-client.jar:/Users/sumanth_bbn/.ivy2/cache/oauth.signpost/signpost-core/jars/signpost-core-1.2.1.2.jar:/Users/sumanth_bbn/.ivy2/cache/oauth.signpost/signpost-commonshttp4/jars/signpost-commonshttp4-1.2.1.2.jar:/Users/sumanth_bbn/installers/activator-dist-1.3.6/repository/org.apache.httpcomponents/httpcore/4.0.1/jars/httpcore.jar:/Users/sumanth_bbn/installers/activator-dist-1.3.6/repository/org.apache.httpcomponents/httpclient/4.0.1/jars/httpclient.jar:/Users/sumanth_bbn/.ivy2/cache/commons-logging/commons-logging/jars/commons-logging-1.1.1.jar:/Users/sumanth_bbn/.ivy2/cache/com.typesafe.slick/slick_2.11/bundles/slick_2.11-3.1.0-M1.jar:/Users/sumanth_bbn/installers/activator-dist-1.3.6/repository/org.reactivestreams/reactive-streams/1.0.0/jars/reactive-streams.jar:/Users/sumanth_bbn/.ivy2/cache/com.typesafe.play/anorm_2.11/jars/anorm_2.11-2.3.9.jar:/Users/sumanth_bbn/.ivy2/cache/com.jsuereth/scala-arm_2.11/jars/scala-arm_2.11-1.4.jar:/Users/sumanth_bbn/.ivy2/cache/org.scala-lang.plugins/scala-continuations-library_2.11/bundles/scala-continuations-library_2.11-1.0.1.jar:/Users/sumanth_bbn/.ivy2/cache/mysql/mysql-connector-java/jars/mysql-connector-java-5.1.36.jar
Scala compilation took 2.133952132 s
Attempting to call com.sun.tools.javac.api.JavacTool@3ffdd07d directly...
Java compilation took 0.06997737 s
Java analysis took 0.015399741 s
Java compile + analysis took 0.090315201 s
New invalidations:
	Set()
Initial set of included nodes: Set()
Previously invalidated, but (transitively) depend on new invalidations:
	Set()
All newly invalidated sources after taking into account (previously) recompiled sources:Set()
Copy resource mappings: 
	(/Users/sumanth_bbn/workspace/workspacePlayLearning/url-shortner/conf/application.conf,/Users/sumanth_bbn/workspace/workspacePlayLearning/url-shortner/target/scala-2.11/classes/application.conf)
	(/Users/sumanth_bbn/workspace/workspacePlayLearning/url-shortner/conf/logback.xml,/Users/sumanth_bbn/workspace/workspacePlayLearning/url-shortner/target/scala-2.11/classes/logback.xml)
	(/Users/sumanth_bbn/workspace/workspacePlayLearning/url-shortner/conf/routes,/Users/sumanth_bbn/workspace/workspacePlayLearning/url-shortner/target/scala-2.11/classes/routes)
Total time: 3 s, completed 27 Jan, 2016 2:59:41 PM
> server-post-command-cleanup
> server-handle-next-server-request
Done executing sbt server engine, result Right(Exit(0))
Closing listening server socket
Waiting for socket thread
Waiting for request processor thread
Waiting for command engine result
Returning control to sbt launcher with result Exit(0)
Closing the 61750@sumanth-bbns-MacBook-Pro.local logs at Wed Jan 27 15:10:41 IST 2016, goodbye.
